<?xml version="1.0" encoding="UTF-8"?>
<testng-results total="2" passed="2" failed="0" skipped="0">
  <reporter-output>
  </reporter-output>
  <suite started-at="2022-03-16T07:28:31Z" name="Default suite" finished-at="2022-03-16T07:28:50Z" duration-ms="19065">
    <groups>
    </groups>
    <test started-at="2022-03-16T07:28:31Z" name="Default test" finished-at="2022-03-16T07:28:50Z" duration-ms="19065">
      <class name="restassured.Ecommerce">
        <test-method signature="createcustomer()[pri:0, instance:restassured.Ecommerce@3370f42]" started-at="2022-03-16T12:58:31Z" name="createcustomer" finished-at="2022-03-16T12:58:44Z" duration-ms="13211" status="PASS">
          <reporter-output>
          </reporter-output>
        </test-method> <!-- createcustomer -->
        <test-method signature="login()[pri:1, instance:restassured.Ecommerce@3370f42]" started-at="2022-03-16T12:58:44Z" name="login" finished-at="2022-03-16T12:58:50Z" duration-ms="5790" status="PASS">
          <reporter-output>
          </reporter-output>
        </test-method> <!-- login -->
      </class> <!-- restassured.Ecommerce -->
    </test> <!-- Default test -->
  </suite> <!-- Default suite -->
</testng-results>
